C:\USERS\MACBOOK\DOCUMENTS\VISUAL STUDIO 2010\PROJECTS\AMITCOMPI1\AMITCOMPI1\DEBUG\AMITCOMPI1.EXE.EMBED.MANIFEST
C:\USERS\MACBOOK\DOCUMENTS\VISUAL STUDIO 2010\PROJECTS\AMITCOMPI1\AMITCOMPI1\DEBUG\AMITCOMPI1.EXE.EMBED.MANIFEST.RES
C:\USERS\MACBOOK\DOCUMENTS\VISUAL STUDIO 2010\PROJECTS\AMITCOMPI1\AMITCOMPI1\DEBUG\AMITCOMPI1.EXE.INTERMEDIATE.MANIFEST
C:\Users\MacBook\Documents\Visual Studio 2010\Projects\AmitCompi1\AmitCompi1\Debug\AmitCompi1.vcxprojResolveAssemblyReference.cache
C:\Users\MacBook\Documents\Visual Studio 2010\Projects\AmitCompi1\AmitCompi1\Debug\AmitCompi1.write.1.tlog
C:\Users\MacBook\Documents\Visual Studio 2010\Projects\AmitCompi1\AmitCompi1\Debug\AmitCompi1_manifest.rc
C:\Users\MacBook\Documents\Visual Studio 2010\Projects\AmitCompi1\AmitCompi1\Debug\cl.command.1.tlog
C:\Users\MacBook\Documents\Visual Studio 2010\Projects\AmitCompi1\AmitCompi1\Debug\CL.read.1.tlog
C:\Users\MacBook\Documents\Visual Studio 2010\Projects\AmitCompi1\AmitCompi1\Debug\CL.write.1.tlog
C:\USERS\MACBOOK\DOCUMENTS\VISUAL STUDIO 2010\PROJECTS\AMITCOMPI1\AMITCOMPI1\DEBUG\ELEMENTTYPE.OBJ
C:\USERS\MACBOOK\DOCUMENTS\VISUAL STUDIO 2010\PROJECTS\AMITCOMPI1\AMITCOMPI1\DEBUG\HASHTABLE.OBJ
C:\Users\MacBook\Documents\Visual Studio 2010\Projects\AmitCompi1\AmitCompi1\Debug\link.1184.read.1.tlog
C:\Users\MacBook\Documents\Visual Studio 2010\Projects\AmitCompi1\AmitCompi1\Debug\link.1184.write.1.tlog
C:\Users\MacBook\Documents\Visual Studio 2010\Projects\AmitCompi1\AmitCompi1\Debug\link.1184-cvtres.read.1.tlog
C:\Users\MacBook\Documents\Visual Studio 2010\Projects\AmitCompi1\AmitCompi1\Debug\link.1184-cvtres.write.1.tlog
C:\Users\MacBook\Documents\Visual Studio 2010\Projects\AmitCompi1\AmitCompi1\Debug\link.12200.read.1.tlog
C:\Users\MacBook\Documents\Visual Studio 2010\Projects\AmitCompi1\AmitCompi1\Debug\link.12200.write.1.tlog
C:\Users\MacBook\Documents\Visual Studio 2010\Projects\AmitCompi1\AmitCompi1\Debug\link.12200-cvtres.read.1.tlog
C:\Users\MacBook\Documents\Visual Studio 2010\Projects\AmitCompi1\AmitCompi1\Debug\link.12200-cvtres.write.1.tlog
C:\Users\MacBook\Documents\Visual Studio 2010\Projects\AmitCompi1\AmitCompi1\Debug\link.12672.read.1.tlog
C:\Users\MacBook\Documents\Visual Studio 2010\Projects\AmitCompi1\AmitCompi1\Debug\link.12672.write.1.tlog
C:\Users\MacBook\Documents\Visual Studio 2010\Projects\AmitCompi1\AmitCompi1\Debug\link.12672-cvtres.read.1.tlog
C:\Users\MacBook\Documents\Visual Studio 2010\Projects\AmitCompi1\AmitCompi1\Debug\link.12672-cvtres.write.1.tlog
C:\Users\MacBook\Documents\Visual Studio 2010\Projects\AmitCompi1\AmitCompi1\Debug\link.13352.read.1.tlog
C:\Users\MacBook\Documents\Visual Studio 2010\Projects\AmitCompi1\AmitCompi1\Debug\link.13352.write.1.tlog
C:\Users\MacBook\Documents\Visual Studio 2010\Projects\AmitCompi1\AmitCompi1\Debug\link.13352-cvtres.read.1.tlog
C:\Users\MacBook\Documents\Visual Studio 2010\Projects\AmitCompi1\AmitCompi1\Debug\link.13352-cvtres.write.1.tlog
C:\Users\MacBook\Documents\Visual Studio 2010\Projects\AmitCompi1\AmitCompi1\Debug\link.2188.read.1.tlog
C:\Users\MacBook\Documents\Visual Studio 2010\Projects\AmitCompi1\AmitCompi1\Debug\link.2188.write.1.tlog
C:\Users\MacBook\Documents\Visual Studio 2010\Projects\AmitCompi1\AmitCompi1\Debug\link.2188-cvtres.read.1.tlog
C:\Users\MacBook\Documents\Visual Studio 2010\Projects\AmitCompi1\AmitCompi1\Debug\link.2188-cvtres.write.1.tlog
C:\Users\MacBook\Documents\Visual Studio 2010\Projects\AmitCompi1\AmitCompi1\Debug\link.command.1.tlog
C:\Users\MacBook\Documents\Visual Studio 2010\Projects\AmitCompi1\AmitCompi1\Debug\link.read.1.tlog
C:\Users\MacBook\Documents\Visual Studio 2010\Projects\AmitCompi1\AmitCompi1\Debug\link.write.1.tlog
C:\Users\MacBook\Documents\Visual Studio 2010\Projects\AmitCompi1\AmitCompi1\Debug\link-cvtres.read.1.tlog
C:\Users\MacBook\Documents\Visual Studio 2010\Projects\AmitCompi1\AmitCompi1\Debug\link-cvtres.write.1.tlog
C:\Users\MacBook\Documents\Visual Studio 2010\Projects\AmitCompi1\AmitCompi1\Debug\mt.command.1.tlog
C:\Users\MacBook\Documents\Visual Studio 2010\Projects\AmitCompi1\AmitCompi1\Debug\mt.read.1.tlog
C:\Users\MacBook\Documents\Visual Studio 2010\Projects\AmitCompi1\AmitCompi1\Debug\mt.write.1.tlog
C:\USERS\MACBOOK\DOCUMENTS\VISUAL STUDIO 2010\PROJECTS\AMITCOMPI1\AMITCOMPI1\DEBUG\PARSER.OBJ
C:\Users\MacBook\Documents\Visual Studio 2010\Projects\AmitCompi1\AmitCompi1\Debug\rc.command.1.tlog
C:\Users\MacBook\Documents\Visual Studio 2010\Projects\AmitCompi1\AmitCompi1\Debug\rc.read.1.tlog
C:\Users\MacBook\Documents\Visual Studio 2010\Projects\AmitCompi1\AmitCompi1\Debug\rc.write.1.tlog
C:\USERS\MACBOOK\DOCUMENTS\VISUAL STUDIO 2010\PROJECTS\AMITCOMPI1\AMITCOMPI1\DEBUG\SEMANTIC.OBJ
C:\USERS\MACBOOK\DOCUMENTS\VISUAL STUDIO 2010\PROJECTS\AMITCOMPI1\AMITCOMPI1\DEBUG\SYMBOLTABLE.OBJ
C:\USERS\MACBOOK\DOCUMENTS\VISUAL STUDIO 2010\PROJECTS\AMITCOMPI1\AMITCOMPI1\DEBUG\TOKEN.OBJ
C:\Users\MacBook\Documents\Visual Studio 2010\Projects\AmitCompi1\AmitCompi1\Debug\vc100.idb
C:\USERS\MACBOOK\DOCUMENTS\VISUAL STUDIO 2010\PROJECTS\AMITCOMPI1\AMITCOMPI1\DEBUG\VC100.PDB
C:\USERS\MACBOOK\DOCUMENTS\VISUAL STUDIO 2010\PROJECTS\AMITCOMPI1\AMITCOMPI1\DEBUG\WIN.LEX.YY.OBJ
C:\USERS\MACBOOK\DOCUMENTS\VISUAL STUDIO 2010\PROJECTS\AMITCOMPI1\DEBUG\AMITCOMPI1.EXE
C:\USERS\MACBOOK\DOCUMENTS\VISUAL STUDIO 2010\PROJECTS\AMITCOMPI1\DEBUG\AMITCOMPI1.ILK
C:\USERS\MACBOOK\DOCUMENTS\VISUAL STUDIO 2010\PROJECTS\AMITCOMPI1\DEBUG\AMITCOMPI1.PDB
