Build started 7/29/2019 7:48:33 AM.
     1>Project "C:\Users\MacBook\Documents\Visual Studio 2010\Projects\AmitCompi1\AmitCompi1\AmitCompi1.vcxproj" on node 2 (build target(s)).
     1>InitializeBuildStatus:
         Creating "Debug\AmitCompi1.unsuccessfulbuild" because "AlwaysCreate" was specified.
       ClCompile:
         c:\Program Files (x86)\Microsoft Visual Studio 10.0\VC\bin\CL.exe /c /ZI /nologo /W3 /WX- /Od /Oy- /D WIN32 /D _DEBUG /D _CONSOLE /D _UNICODE /D UNICODE /Gm /EHsc /RTC1 /MDd /GS /fp:precise /Zc:wchar_t /Zc:forScope /Fo"Debug\\" /Fd"Debug\vc100.pdb" /Gd /TC /analyze- /errorReport:prompt ..\Semantic.c
         Semantic.c
     1>c:\users\macbook\documents\visual studio 2010\projects\amitcompi1\semantic.c(228): warning C4101: 'entry' : unreferenced local variable
     1>c:\users\macbook\documents\visual studio 2010\projects\amitcompi1\semantic.c(318): warning C4996: 'strcpy': This function or variable may be unsafe. Consider using strcpy_s instead. To disable deprecation, use _CRT_SECURE_NO_WARNINGS. See online help for details.
                 c:\program files (x86)\microsoft visual studio 10.0\vc\include\string.h(105) : see declaration of 'strcpy'
     1>c:\users\macbook\documents\visual studio 2010\projects\amitcompi1\semantic.c(324): warning C4996: 'strcpy': This function or variable may be unsafe. Consider using strcpy_s instead. To disable deprecation, use _CRT_SECURE_NO_WARNINGS. See online help for details.
                 c:\program files (x86)\microsoft visual studio 10.0\vc\include\string.h(105) : see declaration of 'strcpy'
     1>c:\users\macbook\documents\visual studio 2010\projects\amitcompi1\semantic.c(561): warning C4996: 'strcpy': This function or variable may be unsafe. Consider using strcpy_s instead. To disable deprecation, use _CRT_SECURE_NO_WARNINGS. See online help for details.
                 c:\program files (x86)\microsoft visual studio 10.0\vc\include\string.h(105) : see declaration of 'strcpy'
     1>c:\users\macbook\documents\visual studio 2010\projects\amitcompi1\semantic.c(573): warning C4996: 'strcpy': This function or variable may be unsafe. Consider using strcpy_s instead. To disable deprecation, use _CRT_SECURE_NO_WARNINGS. See online help for details.
                 c:\program files (x86)\microsoft visual studio 10.0\vc\include\string.h(105) : see declaration of 'strcpy'
     1>c:\users\macbook\documents\visual studio 2010\projects\amitcompi1\semantic.c(622): warning C4047: 'function' : 'id_list *' differs in levels of indirection from 'id_list **'
     1>c:\users\macbook\documents\visual studio 2010\projects\amitcompi1\semantic.c(622): warning C4024: 'semantic_parse_BLOCK' : different types for formal and actual parameter 3
     1>c:\users\macbook\documents\visual studio 2010\projects\amitcompi1\semantic.c(555): warning C4101: 'elmkind' : unreferenced local variable
     1>c:\users\macbook\documents\visual studio 2010\projects\amitcompi1\semantic.c(691): warning C4020: 'semantic_parse_STATEMENT' : too many actual parameters
     1>c:\users\macbook\documents\visual studio 2010\projects\amitcompi1\semantic.c(722): warning C4029: declared formal parameter list different from definition
     1>c:\users\macbook\documents\visual studio 2010\projects\amitcompi1\semantic.c(734): warning C4996: 'strcpy': This function or variable may be unsafe. Consider using strcpy_s instead. To disable deprecation, use _CRT_SECURE_NO_WARNINGS. See online help for details.
                 c:\program files (x86)\microsoft visual studio 10.0\vc\include\string.h(105) : see declaration of 'strcpy'
     1>c:\users\macbook\documents\visual studio 2010\projects\amitcompi1\semantic.c(927): warning C4028: formal parameter 3 different from declaration
     1>c:\users\macbook\documents\visual studio 2010\projects\amitcompi1\semantic.c(930): warning C4101: 'kind' : unreferenced local variable
     1>c:\users\macbook\documents\visual studio 2010\projects\amitcompi1\semantic.c(929): warning C4101: 'lstOfIds' : unreferenced local variable
     1>c:\users\macbook\documents\visual studio 2010\projects\amitcompi1\semantic.c(997): warning C4996: 'strcpy': This function or variable may be unsafe. Consider using strcpy_s instead. To disable deprecation, use _CRT_SECURE_NO_WARNINGS. See online help for details.
                 c:\program files (x86)\microsoft visual studio 10.0\vc\include\string.h(105) : see declaration of 'strcpy'
     1>c:\users\macbook\documents\visual studio 2010\projects\amitcompi1\semantic.c(989): warning C4101: 'parameterListSize' : unreferenced local variable
     1>c:\users\macbook\documents\visual studio 2010\projects\amitcompi1\semantic.c(985): warning C4101: 'listofIds' : unreferenced local variable
     1>c:\users\macbook\documents\visual studio 2010\projects\amitcompi1\semantic.c(1084): warning C4996: 'strcpy': This function or variable may be unsafe. Consider using strcpy_s instead. To disable deprecation, use _CRT_SECURE_NO_WARNINGS. See online help for details.
                 c:\program files (x86)\microsoft visual studio 10.0\vc\include\string.h(105) : see declaration of 'strcpy'
     1>c:\users\macbook\documents\visual studio 2010\projects\amitcompi1\semantic.c(1136): warning C4996: 'strcpy': This function or variable may be unsafe. Consider using strcpy_s instead. To disable deprecation, use _CRT_SECURE_NO_WARNINGS. See online help for details.
                 c:\program files (x86)\microsoft visual studio 10.0\vc\include\string.h(105) : see declaration of 'strcpy'
     1>c:\users\macbook\documents\visual studio 2010\projects\amitcompi1\semantic.c(1209): warning C4996: 'strcpy': This function or variable may be unsafe. Consider using strcpy_s instead. To disable deprecation, use _CRT_SECURE_NO_WARNINGS. See online help for details.
                 c:\program files (x86)\microsoft visual studio 10.0\vc\include\string.h(105) : see declaration of 'strcpy'
     1>c:\users\macbook\documents\visual studio 2010\projects\amitcompi1\semantic.c(157): warning C4715: 'semantic_parse_VAR_DEFINITIONS' : not all control paths return a value
     1>c:\users\macbook\documents\visual studio 2010\projects\amitcompi1\semantic.c(223): warning C4715: 'semantic_parse_TYPE' : not all control paths return a value
     1>c:\users\macbook\documents\visual studio 2010\projects\amitcompi1\semantic.c(263): warning C4715: 'semantic_parse_VARIABLES_LIST' : not all control paths return a value
     1>c:\users\macbook\documents\visual studio 2010\projects\amitcompi1\semantic.c(652): warning C4715: 'semantic_parse_RETURNED_TYPE' : not all control paths return a value
     1>c:\users\macbook\documents\visual studio 2010\projects\amitcompi1\semantic.c(679): warning C4715: 'semantic_parse_PARAM_DEFINITIONS' : not all control paths return a value
     1>c:\users\macbook\documents\visual studio 2010\projects\amitcompi1\semantic.c(1059): warning C4715: 'semantic_parse_PARAMETERS_LIST' : not all control paths return a value
     1>c:\users\macbook\documents\visual studio 2010\projects\amitcompi1\semantic.c(1120): warning C4715: 'semantic_parse_EXPRESSION' : not all control paths return a value
     1>c:\users\macbook\documents\visual studio 2010\projects\amitcompi1\semantic.c(1235): warning C4715: 'semantic_parse_EXPRESSION_TAG' : not all control paths return a value
       ManifestResourceCompile:
         All outputs are up-to-date.
       Link:
         c:\Program Files (x86)\Microsoft Visual Studio 10.0\VC\bin\link.exe /ERRORREPORT:PROMPT /OUT:"C:\Users\MacBook\Documents\Visual Studio 2010\Projects\AmitCompi1\Debug\AmitCompi1.exe" /INCREMENTAL /NOLOGO kernel32.lib user32.lib gdi32.lib winspool.lib comdlg32.lib advapi32.lib shell32.lib ole32.lib oleaut32.lib uuid.lib odbc32.lib odbccp32.lib /MANIFEST /ManifestFile:"Debug\AmitCompi1.exe.intermediate.manifest" /MANIFESTUAC:"level='asInvoker' uiAccess='false'" /DEBUG /PDB:"C:\Users\MacBook\Documents\Visual Studio 2010\Projects\AmitCompi1\Debug\AmitCompi1.pdb" /SUBSYSTEM:CONSOLE /TLBID:1 /DYNAMICBASE /NXCOMPAT /IMPLIB:"C:\Users\MacBook\Documents\Visual Studio 2010\Projects\AmitCompi1\Debug\AmitCompi1.lib" /MACHINE:X86 Debug\AmitCompi1.exe.embed.manifest.res
         Debug\ElementType.obj
         Debug\HashTable.obj
         Debug\Parser.obj
         Debug\Semantic.obj
         Debug\SymbolTable.obj
         Debug\Token.obj
         Debug\win.lex.yy.obj
       Manifest:
         c:\Program Files (x86)\Microsoft SDKs\Windows\v7.0A\bin\mt.exe /nologo /verbose /out:"Debug\AmitCompi1.exe.embed.manifest" /manifest Debug\AmitCompi1.exe.intermediate.manifest
         All outputs are up-to-date.
       LinkEmbedManifest:
         All outputs are up-to-date.
         AmitCompi1.vcxproj -> C:\Users\MacBook\Documents\Visual Studio 2010\Projects\AmitCompi1\Debug\AmitCompi1.exe
       FinalizeBuildStatus:
         Deleting file "Debug\AmitCompi1.unsuccessfulbuild".
         Touching "Debug\AmitCompi1.lastbuildstate".
     1>Done Building Project "C:\Users\MacBook\Documents\Visual Studio 2010\Projects\AmitCompi1\AmitCompi1\AmitCompi1.vcxproj" (build target(s)).

Build succeeded.

Time Elapsed 00:00:00.81
